<?xml version="1.0" encoding="UTF-8"?>
<testsuite xmlns:xsi="http://www.w3.org/2001/XMLSchema-instance" xsi:noNamespaceSchemaLocation="https://maven.apache.org/surefire/maven-surefire-plugin/xsd/surefire-test-report-3.0.xsd" version="3.0" name="br.com.carrefour.api.tests.PerformanceTests" time="0.451" tests="1" errors="0" skipped="0" failures="0">
  <properties>
    <property name="java.specification.version" value="23"/>
    <property name="sun.cpu.isalist" value="amd64"/>
    <property name="sun.jnu.encoding" value="Cp1252"/>
    <property name="java.class.path" value="C:\Users\m.araujo.parmacene\OneDrive - Avanade\Desktop\carrefour-api-tests\carrefour-api-tests\target\test-classes;C:\Users\m.araujo.parmacene\OneDrive - Avanade\Desktop\carrefour-api-tests\carrefour-api-tests\target\classes;C:\Users\m.araujo.parmacene\.m2\repository\io\rest-assured\rest-assured\5.3.0\rest-assured-5.3.0.jar;C:\Users\m.araujo.parmacene\.m2\repository\org\apache\groovy\groovy\4.0.6\groovy-4.0.6.jar;C:\Users\m.araujo.parmacene\.m2\repository\org\apache\groovy\groovy-xml\4.0.6\groovy-xml-4.0.6.jar;C:\Users\m.araujo.parmacene\.m2\repository\org\apache\httpcomponents\httpclient\4.5.13\httpclient-4.5.13.jar;C:\Users\m.araujo.parmacene\.m2\repository\org\apache\httpcomponents\httpcore\4.4.13\httpcore-4.4.13.jar;C:\Users\m.araujo.parmacene\.m2\repository\commons-logging\commons-logging\1.2\commons-logging-1.2.jar;C:\Users\m.araujo.parmacene\.m2\repository\commons-codec\commons-codec\1.11\commons-codec-1.11.jar;C:\Users\m.araujo.parmacene\.m2\repository\org\apache\httpcomponents\httpmime\4.5.13\httpmime-4.5.13.jar;C:\Users\m.araujo.parmacene\.m2\repository\org\ccil\cowan\tagsoup\tagsoup\1.2.1\tagsoup-1.2.1.jar;C:\Users\m.araujo.parmacene\.m2\repository\io\rest-assured\json-path\5.3.0\json-path-5.3.0.jar;C:\Users\m.araujo.parmacene\.m2\repository\org\apache\groovy\groovy-json\4.0.6\groovy-json-4.0.6.jar;C:\Users\m.araujo.parmacene\.m2\repository\io\rest-assured\rest-assured-common\5.3.0\rest-assured-common-5.3.0.jar;C:\Users\m.araujo.parmacene\.m2\repository\io\rest-assured\xml-path\5.3.0\xml-path-5.3.0.jar;C:\Users\m.araujo.parmacene\.m2\repository\org\apache\commons\commons-lang3\3.11\commons-lang3-3.11.jar;C:\Users\m.araujo.parmacene\.m2\repository\org\junit\jupiter\junit-jupiter\5.9.3\junit-jupiter-5.9.3.jar;C:\Users\m.araujo.parmacene\.m2\repository\org\junit\jupiter\junit-jupiter-api\5.9.3\junit-jupiter-api-5.9.3.jar;C:\Users\m.araujo.parmacene\.m2\repository\org\opentest4j\opentest4j\1.2.0\opentest4j-1.2.0.jar;C:\Users\m.araujo.parmacene\.m2\repository\org\junit\platform\junit-platform-commons\1.9.3\junit-platform-commons-1.9.3.jar;C:\Users\m.araujo.parmacene\.m2\repository\org\apiguardian\apiguardian-api\1.1.2\apiguardian-api-1.1.2.jar;C:\Users\m.araujo.parmacene\.m2\repository\org\junit\jupiter\junit-jupiter-params\5.9.3\junit-jupiter-params-5.9.3.jar;C:\Users\m.araujo.parmacene\.m2\repository\org\junit\jupiter\junit-jupiter-engine\5.9.3\junit-jupiter-engine-5.9.3.jar;C:\Users\m.araujo.parmacene\.m2\repository\org\junit\platform\junit-platform-engine\1.9.3\junit-platform-engine-1.9.3.jar;C:\Users\m.araujo.parmacene\.m2\repository\org\hamcrest\hamcrest\2.2\hamcrest-2.2.jar;"/>
    <property name="java.vm.vendor" value="Oracle Corporation"/>
    <property name="sun.arch.data.model" value="64"/>
    <property name="user.variant" value=""/>
    <property name="java.vendor.url" value="https://java.oracle.com/"/>
    <property name="user.timezone" value="America/Sao_Paulo"/>
    <property name="os.name" value="Windows 11"/>
    <property name="java.vm.specification.version" value="23"/>
    <property name="sun.java.launcher" value="SUN_STANDARD"/>
    <property name="user.country" value="BR"/>
    <property name="sun.boot.library.path" value="C:\Program Files\Java\jdk-23\bin"/>
    <property name="sun.java.command" value="C:\Users\m.araujo.parmacene\AppData\Local\Temp\surefire4524775558146066704\surefirebooter-20250726143257749_3.jar C:\Users\m.araujo.parmacene\AppData\Local\Temp\surefire4524775558146066704 2025-07-26T14-32-57_138-jvmRun1 surefire-20250726143257749_1tmp surefire_0-20250726143257749_2tmp"/>
    <property name="jdk.debug" value="release"/>
    <property name="surefire.test.class.path" value="C:\Users\m.araujo.parmacene\OneDrive - Avanade\Desktop\carrefour-api-tests\carrefour-api-tests\target\test-classes;C:\Users\m.araujo.parmacene\OneDrive - Avanade\Desktop\carrefour-api-tests\carrefour-api-tests\target\classes;C:\Users\m.araujo.parmacene\.m2\repository\io\rest-assured\rest-assured\5.3.0\rest-assured-5.3.0.jar;C:\Users\m.araujo.parmacene\.m2\repository\org\apache\groovy\groovy\4.0.6\groovy-4.0.6.jar;C:\Users\m.araujo.parmacene\.m2\repository\org\apache\groovy\groovy-xml\4.0.6\groovy-xml-4.0.6.jar;C:\Users\m.araujo.parmacene\.m2\repository\org\apache\httpcomponents\httpclient\4.5.13\httpclient-4.5.13.jar;C:\Users\m.araujo.parmacene\.m2\repository\org\apache\httpcomponents\httpcore\4.4.13\httpcore-4.4.13.jar;C:\Users\m.araujo.parmacene\.m2\repository\commons-logging\commons-logging\1.2\commons-logging-1.2.jar;C:\Users\m.araujo.parmacene\.m2\repository\commons-codec\commons-codec\1.11\commons-codec-1.11.jar;C:\Users\m.araujo.parmacene\.m2\repository\org\apache\httpcomponents\httpmime\4.5.13\httpmime-4.5.13.jar;C:\Users\m.araujo.parmacene\.m2\repository\org\ccil\cowan\tagsoup\tagsoup\1.2.1\tagsoup-1.2.1.jar;C:\Users\m.araujo.parmacene\.m2\repository\io\rest-assured\json-path\5.3.0\json-path-5.3.0.jar;C:\Users\m.araujo.parmacene\.m2\repository\org\apache\groovy\groovy-json\4.0.6\groovy-json-4.0.6.jar;C:\Users\m.araujo.parmacene\.m2\repository\io\rest-assured\rest-assured-common\5.3.0\rest-assured-common-5.3.0.jar;C:\Users\m.araujo.parmacene\.m2\repository\io\rest-assured\xml-path\5.3.0\xml-path-5.3.0.jar;C:\Users\m.araujo.parmacene\.m2\repository\org\apache\commons\commons-lang3\3.11\commons-lang3-3.11.jar;C:\Users\m.araujo.parmacene\.m2\repository\org\junit\jupiter\junit-jupiter\5.9.3\junit-jupiter-5.9.3.jar;C:\Users\m.araujo.parmacene\.m2\repository\org\junit\jupiter\junit-jupiter-api\5.9.3\junit-jupiter-api-5.9.3.jar;C:\Users\m.araujo.parmacene\.m2\repository\org\opentest4j\opentest4j\1.2.0\opentest4j-1.2.0.jar;C:\Users\m.araujo.parmacene\.m2\repository\org\junit\platform\junit-platform-commons\1.9.3\junit-platform-commons-1.9.3.jar;C:\Users\m.araujo.parmacene\.m2\repository\org\apiguardian\apiguardian-api\1.1.2\apiguardian-api-1.1.2.jar;C:\Users\m.araujo.parmacene\.m2\repository\org\junit\jupiter\junit-jupiter-params\5.9.3\junit-jupiter-params-5.9.3.jar;C:\Users\m.araujo.parmacene\.m2\repository\org\junit\jupiter\junit-jupiter-engine\5.9.3\junit-jupiter-engine-5.9.3.jar;C:\Users\m.araujo.parmacene\.m2\repository\org\junit\platform\junit-platform-engine\1.9.3\junit-platform-engine-1.9.3.jar;C:\Users\m.araujo.parmacene\.m2\repository\org\hamcrest\hamcrest\2.2\hamcrest-2.2.jar;"/>
    <property name="sun.cpu.endian" value="little"/>
    <property name="user.home" value="C:\Users\m.araujo.parmacene"/>
    <property name="user.language" value="pt"/>
    <property name="java.specification.vendor" value="Oracle Corporation"/>
    <property name="java.version.date" value="2024-09-17"/>
    <property name="java.home" value="C:\Program Files\Java\jdk-23"/>
    <property name="file.separator" value="\"/>
    <property name="basedir" value="C:\Users\m.araujo.parmacene\OneDrive - Avanade\Desktop\carrefour-api-tests\carrefour-api-tests"/>
    <property name="java.vm.compressedOopsMode" value="Zero based"/>
    <property name="line.separator" value="&#10;"/>
    <property name="java.vm.specification.vendor" value="Oracle Corporation"/>
    <property name="java.specification.name" value="Java Platform API Specification"/>
    <property name="surefire.real.class.path" value="C:\Users\m.araujo.parmacene\AppData\Local\Temp\surefire4524775558146066704\surefirebooter-20250726143257749_3.jar"/>
    <property name="user.script" value=""/>
    <property name="sun.management.compiler" value="HotSpot 64-Bit Tiered Compilers"/>
    <property name="java.runtime.version" value="23+37-2369"/>
    <property name="user.name" value="m.araujo.parmacene"/>
    <property name="stdout.encoding" value="Cp1252"/>
    <property name="path.separator" value=";"/>
    <property name="os.version" value="10.0"/>
    <property name="java.runtime.name" value="Java(TM) SE Runtime Environment"/>
    <property name="file.encoding" value="UTF-8"/>
    <property name="java.vm.name" value="Java HotSpot(TM) 64-Bit Server VM"/>
    <property name="localRepository" value="C:\Users\m.araujo.parmacene\.m2\repository"/>
    <property name="java.vendor.url.bug" value="https://bugreport.java.com/bugreport/"/>
    <property name="java.io.tmpdir" value="C:\Users\MARAUJ~1.PAR\AppData\Local\Temp\"/>
    <property name="idea.version" value="2024.3.2.2"/>
    <property name="java.version" value="23"/>
    <property name="user.dir" value="C:\Users\m.araujo.parmacene\OneDrive - Avanade\Desktop\carrefour-api-tests\carrefour-api-tests"/>
    <property name="os.arch" value="amd64"/>
    <property name="java.vm.specification.name" value="Java Virtual Machine Specification"/>
    <property name="sun.os.patch.level" value=""/>
    <property name="native.encoding" value="Cp1252"/>
    <property name="java.library.path" value="C:\Program Files\Java\jdk-23\bin;C:\WINDOWS\Sun\Java\bin;C:\WINDOWS\system32;C:\WINDOWS;C:\Program Files\Common Files\Oracle\Java\javapath;C:\WINDOWS\system32;C:\WINDOWS;C:\WINDOWS\System32\Wbem;C:\WINDOWS\System32\WindowsPowerShell\v1.0\;C:\WINDOWS\System32\OpenSSH\;C:\Program Files\dotnet\;C:\Program Files\Git\cmd;C:\Program Files (x86)\IBM\Personal Communications\;C:\Program Files (x86)\IBM\Trace Facility\;C:\Users\m.araujo.parmacene\AppData\Local\Programs\Python\Launcher\;C:\Users\m.araujo.parmacene\AppData\Local\Microsoft\WindowsApps;C:\Users\m.araujo.parmacene\AppData\Local\Programs\Microsoft VS Code\bin;C:\Java\jdk-17.0.12\bin;C:\Maven\apache-maven-3.9.9\bin;;."/>
    <property name="java.vm.info" value="mixed mode, sharing"/>
    <property name="stderr.encoding" value="Cp1252"/>
    <property name="java.vendor" value="Oracle Corporation"/>
    <property name="java.vm.version" value="23+37-2369"/>
    <property name="sun.io.unicode.encoding" value="UnicodeLittle"/>
    <property name="java.class.version" value="67.0"/>
  </properties>
  <testcase name="testResponseTime" classname="br.com.carrefour.api.tests.PerformanceTests" time="0.451">
    <system-out><![CDATA[Request method:	GET
Request URI:	https://serverest.dev/usuarios
Proxy:			<none>
Request params:	<none>
Query params:	<none>
Form params:	<none>
Path params:	<none>
Headers:		Accept=*/*
Cookies:		<none>
Multiparts:		<none>
Body:			<none>
HTTP/1.1 200 OK
access-control-allow-origin: *
x-dns-prefetch-control: off
x-frame-options: SAMEORIGIN
strict-transport-security: max-age=15552000; includeSubDomains
x-download-options: noopen
x-content-type-options: nosniff
x-xss-protection: 1; mode=block
content-type: application/json; charset=utf-8
x-cloud-trace-context: 964057527a5b7abb28078755ee29c32f
date: Sat, 26 Jul 2025 17:33:03 GMT
server: Google Frontend
Content-Length: 3251

{
    "quantidade": 15,
    "usuarios": [
        {
            "nome": "Diogo Atualizado",
            "email": "diogoatualizado@carrefour.com",
            "password": "senhaAtualizada123",
            "administrador": "true",
            "_id": "00gLLrk0a24loR6q"
        },
        {
            "nome": "Fulano da Silva",
            "email": "fulano@qa.com",
            "password": "teste",
            "administrador": "true",
            "_id": "0uxuPY0cbmQhpEz1"
        },
        {
            "nome": "Fulano da Silva",
            "email": "jgjw@emailteste.com",
            "password": "1234",
            "administrador": "true",
            "_id": "1TreiHftbfC10Uqm"
        },
        {
            "nome": "Fulano da Silva",
            "email": "hqnr@emailteste.com",
            "password": "1234",
            "administrador": "true",
            "_id": "8V49TCsM7f2nFSJK"
        },
        {
            "nome": "Fulano da Silva",
            "email": "ssed@emailteste.com",
            "password": "1234",
            "administrador": "true",
            "_id": "9HI8DrDP4KZlnlr9"
        },
        {
            "nome": "Fulano da Silva",
            "email": "tlje@emailteste.com",
            "password": "1234",
            "administrador": "true",
            "_id": "AjlG6btWN5n7ZhQO"
        },
        {
            "nome": "Fulano da Silva",
            "email": "myeo@emailteste.com",
            "password": "1234",
            "administrador": "true",
            "_id": "Kl33gfnYIrjnX5Fq"
        },
        {
            "nome": "Fulano da Silva",
            "email": "xulj@emailteste.com",
            "password": "1234",
            "administrador": "true",
            "_id": "PPN8ZVkdxhAPfFRg"
        },
        {
            "nome": "Fulano da Silva",
            "email": "izbf@emailteste.com",
            "password": "1234",
            "administrador": "true",
            "_id": "URZfF1slVWv1lzkA"
        },
        {
            "nome": "Fulano da Silva",
            "email": "ehrq@emailteste.com",
            "password": "1234",
            "administrador": "true",
            "_id": "abFjenSqcRBua3zX"
        },
        {
            "nome": "Fulano da Silva",
            "email": "gfwg@emailteste.com",
            "password": "1234",
            "administrador": "true",
            "_id": "hlfweVqMRod4R8jB"
        },
        {
            "nome": "Fulano da Silva",
            "email": "kfim@emailteste.com",
            "password": "1234",
            "administrador": "true",
            "_id": "jlyRyPTUoxBcR7wn"
        },
        {
            "nome": "Diogo Ferreira",
            "email": "diogo.ferreira@carrefour.com",
            "password": "senhaSegura123",
            "administrador": "true",
            "_id": "uV6O3yund94DXfJk"
        },
        {
            "nome": "Fulano da Silva",
            "email": "dout@emailteste.com",
            "password": "1234",
            "administrador": "true",
            "_id": "wl1mN9DXevSFWb4i"
        },
        {
            "nome": "Fulano da Silva",
            "email": "lhdw@emailteste.com",
            "password": "1234",
            "administrador": "true",
            "_id": "yGzVQtFMeze77cCD"
        }
    ]
}
]]></system-out>
  </testcase>
</testsuite>